<?xml version="1.0" encoding="UTF-8"?>
<!-- Generated by org.testng.reporters.JUnitXMLReporter -->
<testsuite ignored="0" hostname="LAPTOP-NBCD1KMT" failures="1" tests="2" name="Test" time="14.589" errors="0" timestamp="2024-11-26T09:16:02 IST">
  <testcase classname="Test.TestCase1" name="setBrowserConfig" time="14.463"/>
  <testcase classname="Test.TestCase1" name="regression" time="0.016">
    <failure type="java.lang.IllegalArgumentException" message="Locator must be set">
      <![CDATA[java.lang.IllegalArgumentException: Locator must be set
at org.openqa.selenium.internal.Require.nonNull(Require.java:61)
at org.openqa.selenium.remote.RemoteWebDriver.findElement(RemoteWebDriver.java:360)
at Pages.Login.clickOnSignIn(Login.java:131)
at Test.TestCase1.regression(TestCase1.java:78)
at java.base/java.util.ArrayList.forEach(ArrayList.java:1511)
... Removed 27 stack frames]]>
    </failure>
  </testcase> <!-- regression -->
</testsuite> <!-- Test -->
